-------------------------------------------------------------------------------
Test set: com.bptn.weatherApp.controller.WeatherControllerTest
-------------------------------------------------------------------------------
Tests run: 3, Failures: 1, Errors: 0, Skipped: 0, Time elapsed: 3.853 s <<< FAILURE! - in com.bptn.weatherApp.controller.WeatherControllerTest
getWeathersIntegrationTest  Time elapsed: 0.232 s  <<< FAILURE!
java.lang.AssertionError: Status expected:<200> but was:<404>
	at com.bptn.weatherApp.controller.WeatherControllerTest.getWeathersIntegrationTest(WeatherControllerTest.java:180)

